<?xml version="1.0" encoding="UTF-8"?>
<!-- Generated by org.testng.reporters.JUnitReportReporter -->
<testsuite hostname="DESKTOP-609QHR3" failures="0" tests="1" name="mavenTestCase.TestCase1" time="24.281" errors="0" timestamp="2024-12-19T12:24:10 IST" skipped="0">
  <testcase classname="mavenTestCase.TestCase1" name="test1" time="24.281"/>
  <system-out/>
</testsuite> <!-- mavenTestCase.TestCase1 -->
